[16.01.24|23:22:45.247269] APP IS STARTING...
[16.01.24|23:22:45.334276] APP DEBUG MODE: True
[16.01.24|23:22:45.334276] APP NAME: flaskBlog
[16.01.24|23:22:45.335276] APP HOST: 10.149.10.15
[16.01.24|23:22:45.336277] APP SECRET KEY: pQ0hOf7w7n247b1dxfM2ZDxGeflUfICM06aG093hbjc
[16.01.24|23:22:45.336277] APP SESSION PERMANENT: True
[16.01.24|23:22:45.337274] APP ROOT PATH: .
[16.01.24|23:22:45.337274] LOG FILE ROOT: log.log
[16.01.24|23:22:45.337274] LOG IN: True
[16.01.24|23:22:45.338275] REGISTRATION: True
[16.01.24|23:22:45.338275] UI MODE: STANDARD-CSS
[16.01.24|23:22:45.339276] TEMPLATE FOLDER: templates/standardUI
[16.01.24|23:22:45.340275] STATIC FOLDER: static/standardUI
[16.01.24|23:22:45.340275] DATABASE FOLDER: "/db" FOUND
[16.01.24|23:22:45.341274] USERS DATABASE: "db/users.db" FOUND
[16.01.24|23:22:45.342274] TABLE: "Users" FOUND IN "db/users.db"
[16.01.24|23:22:45.342274] POSTS DATABASE: "db/posts.db" FOUND
[16.01.24|23:22:45.343275] TABLE: "Posts" FOUND IN "db/posts.db"
[16.01.24|23:22:45.344278] COMMENTS DATABASE: "db/comments.db" FOUND
[16.01.24|23:22:45.345275] TABLE: "Comments" FOUND IN "db/comments.db"
[16.01.24|23:22:45.351128] APP STARTED SUCCESSFULLY
[16.01.24|23:22:45.592372] APP IS STARTING...
[16.01.24|23:22:45.606378] APP DEBUG MODE: True
[16.01.24|23:22:45.607376] APP NAME: flaskBlog
[16.01.24|23:22:45.607376] APP HOST: 10.149.10.15
[16.01.24|23:22:45.607376] APP SECRET KEY: ALoebPU4sYtR6tBZI4PGIxQRi4umOOWfK_YUznDGbVc
[16.01.24|23:22:45.608375] APP SESSION PERMANENT: True
[16.01.24|23:22:45.608375] APP ROOT PATH: .
[16.01.24|23:22:45.609373] LOG FILE ROOT: log.log
[16.01.24|23:22:45.609373] LOG IN: True
[16.01.24|23:22:45.610375] REGISTRATION: True
[16.01.24|23:22:45.610375] UI MODE: STANDARD-CSS
[16.01.24|23:22:45.611375] TEMPLATE FOLDER: templates/standardUI
[16.01.24|23:22:45.611375] STATIC FOLDER: static/standardUI
[16.01.24|23:22:45.612376] DATABASE FOLDER: "/db" FOUND
[16.01.24|23:22:45.613373] USERS DATABASE: "db/users.db" FOUND
[16.01.24|23:22:45.614373] TABLE: "Users" FOUND IN "db/users.db"
[16.01.24|23:22:45.614373] POSTS DATABASE: "db/posts.db" FOUND
[16.01.24|23:22:45.615374] TABLE: "Posts" FOUND IN "db/posts.db"
[16.01.24|23:22:45.615374] COMMENTS DATABASE: "db/comments.db" FOUND
[16.01.24|23:22:45.616378] TABLE: "Comments" FOUND IN "db/comments.db"
[16.01.24|23:22:45.624373] APP STARTED SUCCESSFULLY
[16.01.24|23:23:35.856111] 1 POINTS ADDED TO "admin"
[16.01.24|23:23:35.857112] USER: "admin" LOGGED IN
[16.01.24|23:23:39.784678] POST: "1" FOUND
[16.01.24|23:23:49.123589] USER: "admin" FOUND
[16.01.24|23:23:49.125590] USER: "admin"s PAGE LOADED
[16.01.24|23:24:08.961513] POST: "bvcvb" POSTED
[16.01.24|23:24:08.968516] 20 POINTS ADDED TO "admin"
[16.01.24|23:24:13.633045] USER: "admin" FOUND
[16.01.24|23:24:13.634044] USER: "admin"s PAGE LOADED
[16.01.24|23:24:28.185407] USER: "admin" FOUND
[16.01.24|23:24:28.187402] USER: "admin"s PAGE LOADED
[16.01.24|23:25:39.172760] ERROR: APP IS DOWN
[16.01.24|23:25:39.176766] APP SHUT DOWN
[16.01.24|23:25:39.213702] ERROR: APP IS DOWN
[16.01.24|23:25:39.455995] APP IS STARTING...
[16.01.24|23:25:39.470741] APP DEBUG MODE: True
[16.01.24|23:25:39.471740] APP NAME: OperCat
[16.01.24|23:25:39.471740] APP HOST: 10.149.10.15
[16.01.24|23:25:39.472741] APP SECRET KEY: PWtOIzqcBBBhdAqAM7oH2G6secpSnlyIosmoOjsRJPo
[16.01.24|23:25:39.472741] APP SESSION PERMANENT: True
[16.01.24|23:25:39.473742] APP ROOT PATH: .
[16.01.24|23:25:39.473742] LOG FILE ROOT: log.log
[16.01.24|23:25:39.473742] LOG IN: True
[16.01.24|23:25:39.474742] REGISTRATION: True
[16.01.24|23:25:39.474742] UI MODE: STANDARD-CSS
[16.01.24|23:25:39.475742] TEMPLATE FOLDER: templates/standardUI
[16.01.24|23:25:39.475742] STATIC FOLDER: static/standardUI
[16.01.24|23:25:39.476742] DATABASE FOLDER: "/db" FOUND
[16.01.24|23:25:39.476742] USERS DATABASE: "db/users.db" FOUND
[16.01.24|23:25:39.477742] TABLE: "Users" FOUND IN "db/users.db"
[16.01.24|23:25:39.478742] POSTS DATABASE: "db/posts.db" FOUND
[16.01.24|23:25:39.479572] TABLE: "Posts" FOUND IN "db/posts.db"
[16.01.24|23:25:39.479572] COMMENTS DATABASE: "db/comments.db" FOUND
[16.01.24|23:25:39.480566] TABLE: "Comments" FOUND IN "db/comments.db"
[16.01.24|23:25:39.486565] APP STARTED SUCCESSFULLY
[16.01.24|23:25:49.672130] ERROR: APP IS DOWN
[16.01.24|23:25:49.676127] APP SHUT DOWN
[16.01.24|23:25:49.709736] APP SHUT DOWN
[16.01.24|23:29:33.913784] APP IS STARTING...
[16.01.24|23:29:33.927784] APP DEBUG MODE: True
[16.01.24|23:29:33.927784] APP NAME: OperCat
[16.01.24|23:29:33.928786] APP HOST: localhost
[16.01.24|23:29:33.928786] APP SECRET KEY: vXfzaq9MuaFQVOjgalqthVM1xuX72cm-wQevIm3rRO4
[16.01.24|23:29:33.929785] APP SESSION PERMANENT: True
[16.01.24|23:29:33.929785] APP ROOT PATH: .
[16.01.24|23:29:33.930786] LOG FILE ROOT: log.log
[16.01.24|23:29:33.930786] LOG IN: True
[16.01.24|23:29:33.931786] REGISTRATION: True
[16.01.24|23:29:33.931786] UI MODE: STANDARD-CSS
[16.01.24|23:29:33.932785] TEMPLATE FOLDER: templates/standardUI
[16.01.24|23:29:33.932785] STATIC FOLDER: static/standardUI
[16.01.24|23:29:33.933786] DATABASE FOLDER: "/db" FOUND
[16.01.24|23:29:33.933786] USERS DATABASE: "db/users.db" FOUND
[16.01.24|23:29:33.935617] TABLE: "Users" FOUND IN "db/users.db"
[16.01.24|23:29:33.935786] POSTS DATABASE: "db/posts.db" FOUND
[16.01.24|23:29:33.936785] TABLE: "Posts" FOUND IN "db/posts.db"
[16.01.24|23:29:33.936785] COMMENTS DATABASE: "db/comments.db" FOUND
[16.01.24|23:29:33.937787] TABLE: "Comments" FOUND IN "db/comments.db"
[16.01.24|23:29:33.943784] APP STARTED SUCCESSFULLY
[16.01.24|23:29:34.181618] APP IS STARTING...
[16.01.24|23:29:34.195618] APP DEBUG MODE: True
[16.01.24|23:29:34.195618] APP NAME: OperCat
[16.01.24|23:29:34.196621] APP HOST: localhost
[16.01.24|23:29:34.196621] APP SECRET KEY: ZgF_QupVHsywZgX91Hp-bpQk5802sWWmmxbliP2MKU4
[16.01.24|23:29:34.197619] APP SESSION PERMANENT: True
[16.01.24|23:29:34.197619] APP ROOT PATH: .
[16.01.24|23:29:34.197619] LOG FILE ROOT: log.log
[16.01.24|23:29:34.198621] LOG IN: True
[16.01.24|23:29:34.198621] REGISTRATION: True
[16.01.24|23:29:34.199621] UI MODE: STANDARD-CSS
[16.01.24|23:29:34.199621] TEMPLATE FOLDER: templates/standardUI
[16.01.24|23:29:34.200623] STATIC FOLDER: static/standardUI
[16.01.24|23:29:34.200623] DATABASE FOLDER: "/db" FOUND
[16.01.24|23:29:34.201620] USERS DATABASE: "db/users.db" FOUND
[16.01.24|23:29:34.202620] TABLE: "Users" FOUND IN "db/users.db"
[16.01.24|23:29:34.202620] POSTS DATABASE: "db/posts.db" FOUND
[16.01.24|23:29:34.203620] TABLE: "Posts" FOUND IN "db/posts.db"
[16.01.24|23:29:34.204620] COMMENTS DATABASE: "db/comments.db" FOUND
[16.01.24|23:29:34.205620] TABLE: "Comments" FOUND IN "db/comments.db"
[16.01.24|23:29:34.210618] APP STARTED SUCCESSFULLY
[16.01.24|23:32:21.723361] APP SHUT DOWN
[16.01.24|23:32:21.757849] APP SHUT DOWN
[16.01.24|23:43:44.177612] APP IS STARTING...
[16.01.24|23:43:44.192614] APP DEBUG MODE: True
[16.01.24|23:43:44.192614] APP NAME: flaskblog
[16.01.24|23:43:44.192614] APP HOST: 10.149.10.15
[16.01.24|23:43:44.193614] APP SECRET KEY: 1GFJ7IIbBT9S7KFB4RMyXI8nm5nNNopI4Jh6OAZmFJU
[16.01.24|23:43:44.193614] APP SESSION PERMANENT: True
[16.01.24|23:43:44.194613] APP ROOT PATH: .
[16.01.24|23:43:44.194613] LOG FILE ROOT: log.log
[16.01.24|23:43:44.194613] LOG IN: True
[16.01.24|23:43:44.195614] REGISTRATION: True
[16.01.24|23:43:44.195614] UI MODE: STANDARD-CSS
[16.01.24|23:43:44.196613] TEMPLATE FOLDER: templates/standardUI
[16.01.24|23:43:44.196613] STATIC FOLDER: static/standardUI
[16.01.24|23:43:44.196613] DATABASE FOLDER: "/db" FOUND
[16.01.24|23:43:44.197612] USERS DATABASE: "db/users.db" FOUND
[16.01.24|23:43:44.198617] TABLE: "Users" FOUND IN "db/users.db"
[16.01.24|23:43:44.199614] POSTS DATABASE: "db/posts.db" FOUND
[16.01.24|23:43:44.199614] TABLE: "Posts" FOUND IN "db/posts.db"
[16.01.24|23:43:44.200612] COMMENTS DATABASE: "db/comments.db" FOUND
[16.01.24|23:43:44.201615] TABLE: "Comments" FOUND IN "db/comments.db"
[16.01.24|23:43:44.206615] APP STARTED SUCCESSFULLY
[16.01.24|23:43:44.463703] APP IS STARTING...
[16.01.24|23:43:44.477424] APP DEBUG MODE: True
[16.01.24|23:43:44.478426] APP NAME: flaskblog
[16.01.24|23:43:44.478426] APP HOST: 10.149.10.15
[16.01.24|23:43:44.479428] APP SECRET KEY: S5zlJdx2DFl4ah2_AaXq0wO3stPOWCGS5Cc-jwfajgU
[16.01.24|23:43:44.480427] APP SESSION PERMANENT: True
[16.01.24|23:43:44.480427] APP ROOT PATH: .
[16.01.24|23:43:44.481426] LOG FILE ROOT: log.log
[16.01.24|23:43:44.482426] LOG IN: True
[16.01.24|23:43:44.483430] REGISTRATION: True
[16.01.24|23:43:44.483430] UI MODE: STANDARD-CSS
[16.01.24|23:43:44.484427] TEMPLATE FOLDER: templates/standardUI
[16.01.24|23:43:44.484427] STATIC FOLDER: static/standardUI
[16.01.24|23:43:44.485425] DATABASE FOLDER: "/db" FOUND
[16.01.24|23:43:44.485425] USERS DATABASE: "db/users.db" FOUND
[16.01.24|23:43:44.486425] TABLE: "Users" FOUND IN "db/users.db"
[16.01.24|23:43:44.486425] POSTS DATABASE: "db/posts.db" FOUND
[16.01.24|23:43:44.487426] TABLE: "Posts" FOUND IN "db/posts.db"
[16.01.24|23:43:44.488426] COMMENTS DATABASE: "db/comments.db" FOUND
[16.01.24|23:43:44.488426] TABLE: "Comments" FOUND IN "db/comments.db"
[16.01.24|23:43:44.494251] APP STARTED SUCCESSFULLY
[16.01.24|23:44:08.858291] ERROR: APP IS DOWN
[16.01.24|23:44:08.860292] APP SHUT DOWN
[16.01.24|23:44:08.897330] ERROR: APP IS DOWN
[16.01.24|23:44:09.130696] APP IS STARTING...
[16.01.24|23:44:09.145646] APP DEBUG MODE: True
[16.01.24|23:44:09.145646] APP NAME: flaskblog
[16.01.24|23:44:09.146646] APP HOST: 10.149.10.15
[16.01.24|23:44:09.146646] APP SECRET KEY: k6uIfCfLO5K_Xk8Q2FgHfu2Grg4k2EFcjPXQs1EV5CI
[16.01.24|23:44:09.146646] APP SESSION PERMANENT: True
[16.01.24|23:44:09.147649] APP ROOT PATH: .
[16.01.24|23:44:09.147649] LOG FILE ROOT: log.log
[16.01.24|23:44:09.148645] LOG IN: True
[16.01.24|23:44:09.148645] REGISTRATION: True
[16.01.24|23:44:09.148645] UI MODE: STANDARD-CSS
[16.01.24|23:44:09.149645] TEMPLATE FOLDER: templates/standardUI
[16.01.24|23:44:09.149645] STATIC FOLDER: static/standardUI
[16.01.24|23:44:09.150649] DATABASE FOLDER: "/db" FOUND
[16.01.24|23:44:09.151648] USERS DATABASE: "db/users.db" FOUND
[16.01.24|23:44:09.152648] TABLE: "Users" FOUND IN "db/users.db"
[16.01.24|23:44:09.153648] POSTS DATABASE: "db/posts.db" FOUND
[16.01.24|23:44:09.154649] TABLE: "Posts" FOUND IN "db/posts.db"
[16.01.24|23:44:09.155648] COMMENTS DATABASE: "db/comments.db" FOUND
[16.01.24|23:44:09.155648] TABLE: "Comments" FOUND IN "db/comments.db"
[16.01.24|23:44:09.161646] APP STARTED SUCCESSFULLY
[16.01.24|23:44:20.354681] ERROR: APP IS DOWN
[16.01.24|23:44:20.355680] APP SHUT DOWN
[16.01.24|23:44:20.392561] APP SHUT DOWN
[16.01.24|23:45:08.256432] APP IS STARTING...
[16.01.24|23:45:08.270431] APP DEBUG MODE: True
[16.01.24|23:45:08.271433] APP NAME: flaskblog
[16.01.24|23:45:08.271433] APP HOST: 10.149.10.15
[16.01.24|23:45:08.272432] APP SECRET KEY: ydE3PmYDtIgeg_Z9tVsOQVOlzpeOGHDt-o4jI3JxsE8
[16.01.24|23:45:08.272432] APP SESSION PERMANENT: True
[16.01.24|23:45:08.273432] APP ROOT PATH: .
[16.01.24|23:45:08.273432] LOG FILE ROOT: log.log
[16.01.24|23:45:08.274431] LOG IN: True
[16.01.24|23:45:08.274431] REGISTRATION: True
[16.01.24|23:45:08.274431] UI MODE: STANDARD-CSS
[16.01.24|23:45:08.275430] TEMPLATE FOLDER: templates/standardUI
[16.01.24|23:45:08.275430] STATIC FOLDER: static/standardUI
[16.01.24|23:45:08.276430] DATABASE FOLDER: "/db" FOUND
[16.01.24|23:45:08.276430] USERS DATABASE: "db/users.db" FOUND
[16.01.24|23:45:08.277431] TABLE: "Users" FOUND IN "db/users.db"
[16.01.24|23:45:08.278432] POSTS DATABASE: "db/posts.db" FOUND
[16.01.24|23:45:08.279431] TABLE: "Posts" FOUND IN "db/posts.db"
[16.01.24|23:45:08.279431] COMMENTS DATABASE: "db/comments.db" FOUND
[16.01.24|23:45:08.280430] TABLE: "Comments" FOUND IN "db/comments.db"
[16.01.24|23:45:08.288431] APP STARTED SUCCESSFULLY
[16.01.24|23:45:08.527995] APP IS STARTING...
[16.01.24|23:45:08.541994] APP DEBUG MODE: True
[16.01.24|23:45:08.541994] APP NAME: flaskblog
[16.01.24|23:45:08.542995] APP HOST: 10.149.10.15
[16.01.24|23:45:08.542995] APP SECRET KEY: Y-ZAv9gWfkXcEDGLepkD2ur5fEsk3F4jZnzmm0KdpvQ
[16.01.24|23:45:08.543994] APP SESSION PERMANENT: True
[16.01.24|23:45:08.543994] APP ROOT PATH: .
[16.01.24|23:45:08.544994] LOG FILE ROOT: log.log
[16.01.24|23:45:08.544994] LOG IN: True
[16.01.24|23:45:08.545995] REGISTRATION: True
[16.01.24|23:45:08.545995] UI MODE: STANDARD-CSS
[16.01.24|23:45:08.545995] TEMPLATE FOLDER: templates/standardUI
[16.01.24|23:45:08.546995] STATIC FOLDER: static/standardUI
[16.01.24|23:45:08.546995] DATABASE FOLDER: "/db" FOUND
[16.01.24|23:45:08.547994] USERS DATABASE: "db/users.db" FOUND
[16.01.24|23:45:08.548995] TABLE: "Users" FOUND IN "db/users.db"
[16.01.24|23:45:08.548995] POSTS DATABASE: "db/posts.db" FOUND
[16.01.24|23:45:08.549995] TABLE: "Posts" FOUND IN "db/posts.db"
[16.01.24|23:45:08.549995] COMMENTS DATABASE: "db/comments.db" FOUND
[16.01.24|23:45:08.550995] TABLE: "Comments" FOUND IN "db/comments.db"
[16.01.24|23:45:08.556992] APP STARTED SUCCESSFULLY
[16.01.24|23:47:37.014717] APP SHUT DOWN
[16.01.24|23:47:37.051444] APP SHUT DOWN
